{"C:\\Users\\Samir\\Desktop\\Qantas\\qantasHotelTest\\src\\App.tsx": {"path":"C:\\Users\\Samir\\Desktop\\Qantas\\qantasHotelTest\\src\\App.tsx","all":true,"statementMap":{"0":{"start":{"line":1,"column":0},"end":{"line":1,"column":42}},"1":{"start":{"line":2,"column":0},"end":{"line":2,"column":19}},"2":{"start":{"line":3,"column":0},"end":{"line":3,"column":38}},"4":{"start":{"line":5,"column":0},"end":{"line":5,"column":16}},"5":{"start":{"line":6,"column":0},"end":{"line":6,"column":10}},"6":{"start":{"line":7,"column":0},"end":{"line":7,"column":6}},"7":{"start":{"line":8,"column":0},"end":{"line":8,"column":11}},"8":{"start":{"line":9,"column":0},"end":{"line":9,"column":67}},"9":{"start":{"line":10,"column":0},"end":{"line":10,"column":12}},"10":{"start":{"line":11,"column":0},"end":{"line":11,"column":59}},"11":{"start":{"line":12,"column":0},"end":{"line":12,"column":11}},"12":{"start":{"line":13,"column":0},"end":{"line":13,"column":22}},"13":{"start":{"line":14,"column":0},"end":{"line":14,"column":12}},"14":{"start":{"line":15,"column":0},"end":{"line":15,"column":7}},"16":{"start":{"line":17,"column":0},"end":{"line":17,"column":1}},"18":{"start":{"line":19,"column":0},"end":{"line":19,"column":19}}},"s":{"0":0,"1":0,"2":0,"4":0,"5":0,"6":0,"7":0,"8":0,"9":0,"10":0,"11":0,"12":0,"13":0,"14":0,"16":0,"18":0},"branchMap":{"0":{"type":"branch","line":1,"loc":{"start":{"line":1,"column":135},"end":{"line":19,"column":-254}},"locations":[{"start":{"line":1,"column":135},"end":{"line":19,"column":-254}}]}},"b":{"0":[0]},"fnMap":{"0":{"name":"(empty-report)","decl":{"start":{"line":1,"column":135},"end":{"line":19,"column":-254}},"loc":{"start":{"line":1,"column":135},"end":{"line":19,"column":-254}},"line":1}},"f":{"0":0}}
,"C:\\Users\\Samir\\Desktop\\Qantas\\qantasHotelTest\\src\\HotelsList.tsx": {"path":"C:\\Users\\Samir\\Desktop\\Qantas\\qantasHotelTest\\src\\HotelsList.tsx","all":true,"statementMap":{"0":{"start":{"line":1,"column":0},"end":{"line":1,"column":44}},"2":{"start":{"line":3,"column":0},"end":{"line":3,"column":47}},"3":{"start":{"line":4,"column":0},"end":{"line":4,"column":43}},"4":{"start":{"line":5,"column":0},"end":{"line":5,"column":53}},"6":{"start":{"line":7,"column":0},"end":{"line":7,"column":26}},"7":{"start":{"line":8,"column":0},"end":{"line":8,"column":65}},"9":{"start":{"line":10,"column":0},"end":{"line":10,"column":19}},"10":{"start":{"line":11,"column":0},"end":{"line":11,"column":33}},"11":{"start":{"line":12,"column":0},"end":{"line":12,"column":11}},"12":{"start":{"line":13,"column":0},"end":{"line":13,"column":38}},"13":{"start":{"line":14,"column":0},"end":{"line":14,"column":36}},"14":{"start":{"line":15,"column":0},"end":{"line":15,"column":23}},"15":{"start":{"line":16,"column":0},"end":{"line":16,"column":27}},"16":{"start":{"line":17,"column":0},"end":{"line":17,"column":7}},"17":{"start":{"line":18,"column":0},"end":{"line":18,"column":6}},"18":{"start":{"line":19,"column":0},"end":{"line":19,"column":14}},"19":{"start":{"line":20,"column":0},"end":{"line":20,"column":9}},"21":{"start":{"line":22,"column":0},"end":{"line":22,"column":10}},"22":{"start":{"line":23,"column":0},"end":{"line":23,"column":9}},"23":{"start":{"line":24,"column":0},"end":{"line":24,"column":57}},"24":{"start":{"line":25,"column":0},"end":{"line":25,"column":11}},"25":{"start":{"line":26,"column":0},"end":{"line":26,"column":40}},"26":{"start":{"line":27,"column":0},"end":{"line":27,"column":31}},"27":{"start":{"line":28,"column":0},"end":{"line":28,"column":50}},"28":{"start":{"line":29,"column":0},"end":{"line":29,"column":14}},"29":{"start":{"line":30,"column":0},"end":{"line":30,"column":78}},"30":{"start":{"line":31,"column":0},"end":{"line":31,"column":12}},"32":{"start":{"line":33,"column":0},"end":{"line":33,"column":32}},"33":{"start":{"line":34,"column":0},"end":{"line":34,"column":35}},"34":{"start":{"line":35,"column":0},"end":{"line":35,"column":59}},"35":{"start":{"line":36,"column":0},"end":{"line":36,"column":10}},"37":{"start":{"line":38,"column":0},"end":{"line":38,"column":25}},"39":{"start":{"line":40,"column":0},"end":{"line":40,"column":10}},"41":{"start":{"line":42,"column":0},"end":{"line":42,"column":2}},"43":{"start":{"line":44,"column":0},"end":{"line":44,"column":26}}},"s":{"0":0,"2":0,"3":0,"4":0,"6":0,"7":0,"9":0,"10":0,"11":0,"12":0,"13":0,"14":0,"15":0,"16":0,"17":0,"18":0,"19":0,"21":0,"22":0,"23":0,"24":0,"25":0,"26":0,"27":0,"28":0,"29":0,"30":0,"32":0,"33":0,"34":0,"35":0,"37":0,"39":0,"41":0,"43":0},"branchMap":{"0":{"type":"branch","line":1,"loc":{"start":{"line":1,"column":698},"end":{"line":44,"column":-463}},"locations":[{"start":{"line":1,"column":698},"end":{"line":44,"column":-463}}]}},"b":{"0":[0]},"fnMap":{"0":{"name":"(empty-report)","decl":{"start":{"line":1,"column":698},"end":{"line":44,"column":-463}},"loc":{"start":{"line":1,"column":698},"end":{"line":44,"column":-463}},"line":1}},"f":{"0":0}}
,"C:\\Users\\Samir\\Desktop\\Qantas\\qantasHotelTest\\src\\main.tsx": {"path":"C:\\Users\\Samir\\Desktop\\Qantas\\qantasHotelTest\\src\\main.tsx","all":true,"statementMap":{"0":{"start":{"line":1,"column":0},"end":{"line":1,"column":34}},"1":{"start":{"line":2,"column":0},"end":{"line":2,"column":45}},"2":{"start":{"line":3,"column":0},"end":{"line":3,"column":27}},"8":{"start":{"line":9,"column":0},"end":{"line":9,"column":52}},"9":{"start":{"line":10,"column":0},"end":{"line":10,"column":14}},"10":{"start":{"line":11,"column":0},"end":{"line":11,"column":11}},"11":{"start":{"line":12,"column":0},"end":{"line":12,"column":16}},"12":{"start":{"line":13,"column":0},"end":{"line":13,"column":1}}},"s":{"0":0,"1":0,"2":0,"8":0,"9":0,"10":0,"11":0,"12":0},"branchMap":{"0":{"type":"branch","line":1,"loc":{"start":{"line":1,"column":186},"end":{"line":13,"column":-131}},"locations":[{"start":{"line":1,"column":186},"end":{"line":13,"column":-131}}]}},"b":{"0":[0]},"fnMap":{"0":{"name":"(empty-report)","decl":{"start":{"line":1,"column":186},"end":{"line":13,"column":-131}},"loc":{"start":{"line":1,"column":186},"end":{"line":13,"column":-131}},"line":1}},"f":{"0":0}}
,"C:\\Users\\Samir\\Desktop\\Qantas\\qantasHotelTest\\src\\api\\hotelsAPI.ts": {"path":"C:\\Users\\Samir\\Desktop\\Qantas\\qantasHotelTest\\src\\api\\hotelsAPI.ts","all":false,"statementMap":{"0":{"start":{"line":1,"column":0},"end":{"line":1,"column":37}},"1":{"start":{"line":2,"column":0},"end":{"line":2,"column":47}},"2":{"start":{"line":3,"column":0},"end":{"line":3,"column":41}},"3":{"start":{"line":4,"column":0},"end":{"line":4,"column":18}},"4":{"start":{"line":5,"column":0},"end":{"line":5,"column":3}}},"s":{"0":1,"1":2,"2":1,"3":1,"4":1},"branchMap":{"0":{"type":"branch","line":1,"loc":{"start":{"line":1,"column":24},"end":{"line":5,"column":3}},"locations":[{"start":{"line":1,"column":24},"end":{"line":5,"column":3}}]},"1":{"type":"branch","line":2,"loc":{"start":{"line":2,"column":45},"end":{"line":5,"column":3}},"locations":[{"start":{"line":2,"column":45},"end":{"line":5,"column":3}}]}},"b":{"0":[2],"1":[1]},"fnMap":{"0":{"name":"mockData","decl":{"start":{"line":1,"column":24},"end":{"line":5,"column":3}},"loc":{"start":{"line":1,"column":24},"end":{"line":5,"column":3}},"line":1}},"f":{"0":2}}
,"C:\\Users\\Samir\\Desktop\\Qantas\\qantasHotelTest\\src\\components\\HotelCard.tsx": {"path":"C:\\Users\\Samir\\Desktop\\Qantas\\qantasHotelTest\\src\\components\\HotelCard.tsx","all":false,"statementMap":{"0":{"start":{"line":1,"column":0},"end":{"line":1,"column":48}},"1":{"start":{"line":2,"column":0},"end":{"line":2,"column":55}},"3":{"start":{"line":4,"column":0},"end":{"line":4,"column":66}},"9":{"start":{"line":10,"column":0},"end":{"line":10,"column":50}},"10":{"start":{"line":11,"column":0},"end":{"line":11,"column":10}},"11":{"start":{"line":12,"column":0},"end":{"line":12,"column":9}},"12":{"start":{"line":13,"column":0},"end":{"line":13,"column":11}},"13":{"start":{"line":14,"column":0},"end":{"line":14,"column":24}},"14":{"start":{"line":15,"column":0},"end":{"line":15,"column":51}},"15":{"start":{"line":16,"column":0},"end":{"line":16,"column":22}},"16":{"start":{"line":17,"column":0},"end":{"line":17,"column":21}},"17":{"start":{"line":18,"column":0},"end":{"line":18,"column":13}},"18":{"start":{"line":19,"column":0},"end":{"line":19,"column":29}},"19":{"start":{"line":20,"column":0},"end":{"line":20,"column":8}},"21":{"start":{"line":22,"column":0},"end":{"line":22,"column":96}},"22":{"start":{"line":23,"column":0},"end":{"line":23,"column":104}},"23":{"start":{"line":24,"column":0},"end":{"line":24,"column":14}},"24":{"start":{"line":25,"column":0},"end":{"line":25,"column":16}},"25":{"start":{"line":26,"column":0},"end":{"line":26,"column":23}},"26":{"start":{"line":27,"column":0},"end":{"line":27,"column":13}},"27":{"start":{"line":28,"column":0},"end":{"line":28,"column":41}},"28":{"start":{"line":29,"column":0},"end":{"line":29,"column":25}},"29":{"start":{"line":30,"column":0},"end":{"line":30,"column":29}},"30":{"start":{"line":31,"column":0},"end":{"line":31,"column":10}},"31":{"start":{"line":32,"column":0},"end":{"line":32,"column":46}},"32":{"start":{"line":33,"column":0},"end":{"line":33,"column":48}},"33":{"start":{"line":34,"column":0},"end":{"line":34,"column":22}},"34":{"start":{"line":35,"column":0},"end":{"line":35,"column":8}},"35":{"start":{"line":36,"column":0},"end":{"line":36,"column":10}},"36":{"start":{"line":37,"column":0},"end":{"line":37,"column":29}},"37":{"start":{"line":38,"column":0},"end":{"line":38,"column":72}},"39":{"start":{"line":40,"column":0},"end":{"line":40,"column":21}},"40":{"start":{"line":41,"column":0},"end":{"line":41,"column":37}},"41":{"start":{"line":42,"column":0},"end":{"line":42,"column":54}},"42":{"start":{"line":43,"column":0},"end":{"line":43,"column":64}},"43":{"start":{"line":44,"column":0},"end":{"line":44,"column":37}},"44":{"start":{"line":45,"column":0},"end":{"line":45,"column":19}},"45":{"start":{"line":46,"column":0},"end":{"line":46,"column":18}},"46":{"start":{"line":47,"column":0},"end":{"line":47,"column":87}},"47":{"start":{"line":48,"column":0},"end":{"line":48,"column":72}},"48":{"start":{"line":49,"column":0},"end":{"line":49,"column":57}},"49":{"start":{"line":50,"column":0},"end":{"line":50,"column":57}},"50":{"start":{"line":51,"column":0},"end":{"line":51,"column":56}},"51":{"start":{"line":52,"column":0},"end":{"line":52,"column":37}},"52":{"start":{"line":53,"column":0},"end":{"line":53,"column":22}},"53":{"start":{"line":54,"column":0},"end":{"line":54,"column":22}},"54":{"start":{"line":55,"column":0},"end":{"line":55,"column":21}},"55":{"start":{"line":56,"column":0},"end":{"line":56,"column":68}},"56":{"start":{"line":57,"column":0},"end":{"line":57,"column":44}},"57":{"start":{"line":58,"column":0},"end":{"line":58,"column":71}},"59":{"start":{"line":60,"column":0},"end":{"line":60,"column":22}},"60":{"start":{"line":61,"column":0},"end":{"line":61,"column":32}},"61":{"start":{"line":62,"column":0},"end":{"line":62,"column":64}},"62":{"start":{"line":63,"column":0},"end":{"line":63,"column":62}},"63":{"start":{"line":64,"column":0},"end":{"line":64,"column":18}},"64":{"start":{"line":65,"column":0},"end":{"line":65,"column":20}},"65":{"start":{"line":66,"column":0},"end":{"line":66,"column":67}},"66":{"start":{"line":67,"column":0},"end":{"line":67,"column":44}},"67":{"start":{"line":68,"column":0},"end":{"line":68,"column":51}},"68":{"start":{"line":69,"column":0},"end":{"line":69,"column":71}},"69":{"start":{"line":70,"column":0},"end":{"line":70,"column":20}},"70":{"start":{"line":71,"column":0},"end":{"line":71,"column":22}},"71":{"start":{"line":72,"column":0},"end":{"line":72,"column":53}},"72":{"start":{"line":73,"column":0},"end":{"line":73,"column":77}},"73":{"start":{"line":74,"column":0},"end":{"line":74,"column":23}},"75":{"start":{"line":76,"column":0},"end":{"line":76,"column":25}},"76":{"start":{"line":77,"column":0},"end":{"line":77,"column":47}},"77":{"start":{"line":78,"column":0},"end":{"line":78,"column":26}},"78":{"start":{"line":79,"column":0},"end":{"line":79,"column":52}},"79":{"start":{"line":80,"column":0},"end":{"line":80,"column":54}},"80":{"start":{"line":81,"column":0},"end":{"line":81,"column":27}},"81":{"start":{"line":82,"column":0},"end":{"line":82,"column":24}},"82":{"start":{"line":83,"column":0},"end":{"line":83,"column":42}},"83":{"start":{"line":84,"column":0},"end":{"line":84,"column":69}},"84":{"start":{"line":85,"column":0},"end":{"line":85,"column":33}},"85":{"start":{"line":86,"column":0},"end":{"line":86,"column":27}},"86":{"start":{"line":87,"column":0},"end":{"line":87,"column":49}},"87":{"start":{"line":88,"column":0},"end":{"line":88,"column":28}},"88":{"start":{"line":89,"column":0},"end":{"line":89,"column":48}},"89":{"start":{"line":90,"column":0},"end":{"line":90,"column":51}},"90":{"start":{"line":91,"column":0},"end":{"line":91,"column":29}},"91":{"start":{"line":92,"column":0},"end":{"line":92,"column":26}},"93":{"start":{"line":94,"column":0},"end":{"line":94,"column":20}},"94":{"start":{"line":95,"column":0},"end":{"line":95,"column":18}},"95":{"start":{"line":96,"column":0},"end":{"line":96,"column":16}},"96":{"start":{"line":97,"column":0},"end":{"line":97,"column":22}},"97":{"start":{"line":98,"column":0},"end":{"line":98,"column":12}},"98":{"start":{"line":99,"column":0},"end":{"line":99,"column":11}},"100":{"start":{"line":101,"column":0},"end":{"line":101,"column":2}},"102":{"start":{"line":103,"column":0},"end":{"line":103,"column":25}}},"s":{"0":1,"1":1,"3":1,"9":1,"10":1,"11":1,"12":1,"13":1,"14":1,"15":1,"16":1,"17":1,"18":1,"19":1,"21":1,"22":1,"23":1,"24":1,"25":1,"26":1,"27":1,"28":1,"29":1,"30":1,"31":1,"32":1,"33":1,"34":1,"35":1,"36":1,"37":1,"39":1,"40":1,"41":1,"42":1,"43":1,"44":1,"45":1,"46":1,"47":1,"48":1,"49":1,"50":1,"51":1,"52":1,"53":1,"54":1,"55":1,"56":1,"57":1,"59":1,"60":1,"61":1,"62":1,"63":1,"64":1,"65":1,"66":1,"67":1,"68":1,"69":1,"70":1,"71":1,"72":1,"73":1,"75":1,"76":1,"77":1,"78":1,"79":1,"80":1,"81":1,"82":1,"83":1,"84":1,"85":1,"86":1,"87":1,"88":1,"89":1,"90":1,"91":1,"93":1,"94":1,"95":1,"96":1,"97":1,"98":1,"100":1,"102":1},"branchMap":{"0":{"type":"branch","line":10,"loc":{"start":{"line":10,"column":18},"end":{"line":101,"column":2}},"locations":[{"start":{"line":10,"column":18},"end":{"line":101,"column":2}}]},"1":{"type":"branch","line":73,"loc":{"start":{"line":73,"column":43},"end":{"line":73,"column":77}},"locations":[{"start":{"line":73,"column":43},"end":{"line":73,"column":77}}]}},"b":{"0":[1],"1":[0]},"fnMap":{"0":{"name":"HotelCard","decl":{"start":{"line":10,"column":18},"end":{"line":101,"column":2}},"loc":{"start":{"line":10,"column":18},"end":{"line":101,"column":2}},"line":10}},"f":{"0":1}}
,"C:\\Users\\Samir\\Desktop\\Qantas\\qantasHotelTest\\src\\components\\RatingComponent.tsx": {"path":"C:\\Users\\Samir\\Desktop\\Qantas\\qantasHotelTest\\src\\components\\RatingComponent.tsx","all":false,"statementMap":{"1":{"start":{"line":2,"column":0},"end":{"line":2,"column":36}},"2":{"start":{"line":3,"column":0},"end":{"line":3,"column":42}},"3":{"start":{"line":4,"column":0},"end":{"line":4,"column":52}},"4":{"start":{"line":5,"column":0},"end":{"line":5,"column":80}},"8":{"start":{"line":9,"column":0},"end":{"line":9,"column":67}},"9":{"start":{"line":10,"column":0},"end":{"line":10,"column":10}},"10":{"start":{"line":11,"column":0},"end":{"line":11,"column":26}},"11":{"start":{"line":12,"column":0},"end":{"line":12,"column":31}},"12":{"start":{"line":13,"column":0},"end":{"line":13,"column":46}},"13":{"start":{"line":14,"column":0},"end":{"line":14,"column":17}},"14":{"start":{"line":15,"column":0},"end":{"line":15,"column":28}},"15":{"start":{"line":16,"column":0},"end":{"line":16,"column":31}},"16":{"start":{"line":17,"column":0},"end":{"line":17,"column":20}},"17":{"start":{"line":18,"column":0},"end":{"line":18,"column":27}},"18":{"start":{"line":19,"column":0},"end":{"line":19,"column":73}},"19":{"start":{"line":20,"column":0},"end":{"line":20,"column":92}},"20":{"start":{"line":21,"column":0},"end":{"line":21,"column":12}},"21":{"start":{"line":22,"column":0},"end":{"line":22,"column":14}},"24":{"start":{"line":25,"column":0},"end":{"line":25,"column":46}},"25":{"start":{"line":26,"column":0},"end":{"line":26,"column":81}},"26":{"start":{"line":27,"column":0},"end":{"line":27,"column":12}},"28":{"start":{"line":29,"column":0},"end":{"line":29,"column":10}},"30":{"start":{"line":31,"column":0},"end":{"line":31,"column":2}},"32":{"start":{"line":33,"column":0},"end":{"line":33,"column":31}}},"s":{"1":1,"2":1,"3":1,"4":1,"8":1,"9":3,"10":3,"11":3,"12":3,"13":3,"14":3,"15":3,"16":3,"17":3,"18":3,"19":3,"20":3,"21":3,"24":0,"25":0,"26":0,"28":3,"30":3,"32":1},"branchMap":{"0":{"type":"branch","line":9,"loc":{"start":{"line":9,"column":24},"end":{"line":31,"column":2}},"locations":[{"start":{"line":9,"column":24},"end":{"line":31,"column":2}}]},"1":{"type":"branch","line":22,"loc":{"start":{"line":22,"column":8},"end":{"line":27,"column":12}},"locations":[{"start":{"line":22,"column":8},"end":{"line":27,"column":12}}]}},"b":{"0":[3],"1":[0]},"fnMap":{"0":{"name":"RatingComponent","decl":{"start":{"line":9,"column":24},"end":{"line":31,"column":2}},"loc":{"start":{"line":9,"column":24},"end":{"line":31,"column":2}},"line":9}},"f":{"0":3}}
,"C:\\Users\\Samir\\Desktop\\Qantas\\qantasHotelTest\\src\\components\\SortSelector.tsx": {"path":"C:\\Users\\Samir\\Desktop\\Qantas\\qantasHotelTest\\src\\components\\SortSelector.tsx","all":false,"statementMap":{"0":{"start":{"line":1,"column":0},"end":{"line":1,"column":31}},"1":{"start":{"line":2,"column":0},"end":{"line":2,"column":42}},"2":{"start":{"line":3,"column":0},"end":{"line":3,"column":38}},"3":{"start":{"line":4,"column":0},"end":{"line":4,"column":46}},"4":{"start":{"line":5,"column":0},"end":{"line":5,"column":44}},"5":{"start":{"line":6,"column":0},"end":{"line":6,"column":38}},"6":{"start":{"line":7,"column":0},"end":{"line":7,"column":62}},"7":{"start":{"line":8,"column":0},"end":{"line":8,"column":66}},"8":{"start":{"line":9,"column":0},"end":{"line":9,"column":56}},"16":{"start":{"line":17,"column":0},"end":{"line":17,"column":74}},"17":{"start":{"line":18,"column":0},"end":{"line":18,"column":75}},"18":{"start":{"line":19,"column":0},"end":{"line":19,"column":33}},"19":{"start":{"line":20,"column":0},"end":{"line":20,"column":65}},"20":{"start":{"line":21,"column":0},"end":{"line":21,"column":37}},"21":{"start":{"line":22,"column":0},"end":{"line":22,"column":4}},"22":{"start":{"line":23,"column":0},"end":{"line":23,"column":29}},"23":{"start":{"line":24,"column":0},"end":{"line":24,"column":22}},"24":{"start":{"line":25,"column":0},"end":{"line":25,"column":4}},"26":{"start":{"line":27,"column":0},"end":{"line":27,"column":39}},"27":{"start":{"line":28,"column":0},"end":{"line":28,"column":53}},"28":{"start":{"line":29,"column":0},"end":{"line":29,"column":20}},"29":{"start":{"line":30,"column":0},"end":{"line":30,"column":67}},"30":{"start":{"line":31,"column":0},"end":{"line":31,"column":67}},"31":{"start":{"line":32,"column":0},"end":{"line":32,"column":6}},"32":{"start":{"line":33,"column":0},"end":{"line":33,"column":30}},"33":{"start":{"line":34,"column":0},"end":{"line":34,"column":4}},"35":{"start":{"line":36,"column":0},"end":{"line":36,"column":10}},"36":{"start":{"line":37,"column":0},"end":{"line":37,"column":9}},"37":{"start":{"line":38,"column":0},"end":{"line":38,"column":11}},"38":{"start":{"line":39,"column":0},"end":{"line":39,"column":15}},"39":{"start":{"line":40,"column":0},"end":{"line":40,"column":26}},"40":{"start":{"line":41,"column":0},"end":{"line":41,"column":56}},"41":{"start":{"line":42,"column":0},"end":{"line":42,"column":30}},"42":{"start":{"line":43,"column":0},"end":{"line":43,"column":51}},"43":{"start":{"line":44,"column":0},"end":{"line":44,"column":31}},"44":{"start":{"line":45,"column":0},"end":{"line":45,"column":58}},"46":{"start":{"line":47,"column":0},"end":{"line":47,"column":26}},"47":{"start":{"line":48,"column":0},"end":{"line":48,"column":24}},"48":{"start":{"line":49,"column":0},"end":{"line":49,"column":17}},"49":{"start":{"line":50,"column":0},"end":{"line":50,"column":13}},"50":{"start":{"line":51,"column":0},"end":{"line":51,"column":24}},"51":{"start":{"line":52,"column":0},"end":{"line":52,"column":26}},"52":{"start":{"line":53,"column":0},"end":{"line":53,"column":45}},"53":{"start":{"line":54,"column":0},"end":{"line":54,"column":12}},"54":{"start":{"line":55,"column":0},"end":{"line":55,"column":29}},"55":{"start":{"line":56,"column":0},"end":{"line":56,"column":21}},"56":{"start":{"line":57,"column":0},"end":{"line":57,"column":31}},"57":{"start":{"line":58,"column":0},"end":{"line":58,"column":36}},"59":{"start":{"line":60,"column":0},"end":{"line":60,"column":19}},"60":{"start":{"line":61,"column":0},"end":{"line":61,"column":28}},"61":{"start":{"line":62,"column":0},"end":{"line":62,"column":28}},"62":{"start":{"line":63,"column":0},"end":{"line":63,"column":31}},"63":{"start":{"line":64,"column":0},"end":{"line":64,"column":14}},"64":{"start":{"line":65,"column":0},"end":{"line":65,"column":27}},"66":{"start":{"line":67,"column":0},"end":{"line":67,"column":49}},"67":{"start":{"line":68,"column":0},"end":{"line":68,"column":58}},"68":{"start":{"line":69,"column":0},"end":{"line":69,"column":21}},"69":{"start":{"line":70,"column":0},"end":{"line":70,"column":38}},"70":{"start":{"line":71,"column":0},"end":{"line":71,"column":19}},"71":{"start":{"line":72,"column":0},"end":{"line":72,"column":28}},"72":{"start":{"line":73,"column":0},"end":{"line":73,"column":28}},"73":{"start":{"line":74,"column":0},"end":{"line":74,"column":32}},"74":{"start":{"line":75,"column":0},"end":{"line":75,"column":14}},"76":{"start":{"line":77,"column":0},"end":{"line":77,"column":49}},"77":{"start":{"line":78,"column":0},"end":{"line":78,"column":58}},"78":{"start":{"line":79,"column":0},"end":{"line":79,"column":21}},"79":{"start":{"line":80,"column":0},"end":{"line":80,"column":15}},"80":{"start":{"line":81,"column":0},"end":{"line":81,"column":12}},"81":{"start":{"line":82,"column":0},"end":{"line":82,"column":10}},"83":{"start":{"line":84,"column":0},"end":{"line":84,"column":1}},"85":{"start":{"line":86,"column":0},"end":{"line":86,"column":28}}},"s":{"0":1,"1":1,"2":1,"3":1,"4":1,"5":1,"6":1,"7":1,"8":1,"16":9,"17":9,"18":9,"19":9,"20":3,"21":3,"22":9,"23":2,"24":2,"26":9,"27":2,"28":2,"29":1,"30":1,"31":2,"32":2,"33":2,"35":9,"36":9,"37":9,"38":9,"39":9,"40":9,"41":9,"42":9,"43":9,"44":9,"46":9,"47":9,"48":9,"49":9,"50":9,"51":9,"52":9,"53":9,"54":9,"55":9,"56":9,"57":9,"59":9,"60":9,"61":1,"62":1,"63":1,"64":9,"66":9,"67":9,"68":9,"69":9,"70":9,"71":9,"72":1,"73":1,"74":1,"76":9,"77":9,"78":9,"79":9,"80":9,"81":9,"83":9,"85":1},"branchMap":{"0":{"type":"branch","line":17,"loc":{"start":{"line":17,"column":0},"end":{"line":84,"column":1}},"locations":[{"start":{"line":17,"column":0},"end":{"line":84,"column":1}}]},"1":{"type":"branch","line":41,"loc":{"start":{"line":41,"column":25},"end":{"line":41,"column":46}},"locations":[{"start":{"line":41,"column":25},"end":{"line":41,"column":46}}]},"2":{"type":"branch","line":41,"loc":{"start":{"line":41,"column":32},"end":{"line":41,"column":56}},"locations":[{"start":{"line":41,"column":32},"end":{"line":41,"column":56}}]},"3":{"type":"branch","line":43,"loc":{"start":{"line":43,"column":25},"end":{"line":43,"column":41}},"locations":[{"start":{"line":43,"column":25},"end":{"line":43,"column":41}}]},"4":{"type":"branch","line":43,"loc":{"start":{"line":43,"column":32},"end":{"line":43,"column":51}},"locations":[{"start":{"line":43,"column":32},"end":{"line":43,"column":51}}]},"5":{"type":"branch","line":20,"loc":{"start":{"line":20,"column":22},"end":{"line":22,"column":4}},"locations":[{"start":{"line":20,"column":22},"end":{"line":22,"column":4}}]},"6":{"type":"branch","line":23,"loc":{"start":{"line":23,"column":22},"end":{"line":25,"column":4}},"locations":[{"start":{"line":23,"column":22},"end":{"line":25,"column":4}}]},"7":{"type":"branch","line":27,"loc":{"start":{"line":27,"column":20},"end":{"line":34,"column":4}},"locations":[{"start":{"line":27,"column":20},"end":{"line":34,"column":4}}]},"8":{"type":"branch","line":28,"loc":{"start":{"line":28,"column":44},"end":{"line":31,"column":67}},"locations":[{"start":{"line":28,"column":44},"end":{"line":31,"column":67}}]},"9":{"type":"branch","line":29,"loc":{"start":{"line":29,"column":15},"end":{"line":30,"column":67}},"locations":[{"start":{"line":29,"column":15},"end":{"line":30,"column":67}}]},"10":{"type":"branch","line":30,"loc":{"start":{"line":30,"column":61},"end":{"line":31,"column":67}},"locations":[{"start":{"line":30,"column":61},"end":{"line":31,"column":67}}]},"11":{"type":"branch","line":61,"loc":{"start":{"line":61,"column":21},"end":{"line":64,"column":14}},"locations":[{"start":{"line":61,"column":21},"end":{"line":64,"column":14}}]},"12":{"type":"branch","line":72,"loc":{"start":{"line":72,"column":21},"end":{"line":75,"column":14}},"locations":[{"start":{"line":72,"column":21},"end":{"line":75,"column":14}}]}},"b":{"0":[9],"1":[3],"2":[6],"3":[3],"4":[6],"5":[3],"6":[2],"7":[2],"8":[2],"9":[1],"10":[1],"11":[1],"12":[1]},"fnMap":{"0":{"name":"SortSelector","decl":{"start":{"line":17,"column":0},"end":{"line":84,"column":1}},"loc":{"start":{"line":17,"column":0},"end":{"line":84,"column":1}},"line":17},"1":{"name":"handleClick","decl":{"start":{"line":20,"column":22},"end":{"line":22,"column":4}},"loc":{"start":{"line":20,"column":22},"end":{"line":22,"column":4}},"line":20},"2":{"name":"handleClose","decl":{"start":{"line":23,"column":22},"end":{"line":25,"column":4}},"loc":{"start":{"line":23,"column":22},"end":{"line":25,"column":4}},"line":23},"3":{"name":"sortCards","decl":{"start":{"line":27,"column":20},"end":{"line":34,"column":4}},"loc":{"start":{"line":27,"column":20},"end":{"line":34,"column":4}},"line":27},"4":{"name":"onClick","decl":{"start":{"line":61,"column":21},"end":{"line":64,"column":14}},"loc":{"start":{"line":61,"column":21},"end":{"line":64,"column":14}},"line":61},"5":{"name":"onClick","decl":{"start":{"line":72,"column":21},"end":{"line":75,"column":14}},"loc":{"start":{"line":72,"column":21},"end":{"line":75,"column":14}},"line":72}},"f":{"0":9,"1":3,"2":2,"3":2,"4":1,"5":1}}
,"C:\\Users\\Samir\\Desktop\\Qantas\\qantasHotelTest\\src\\types\\hotelCardTypes.ts": {"path":"C:\\Users\\Samir\\Desktop\\Qantas\\qantasHotelTest\\src\\types\\hotelCardTypes.ts","all":true,"statementMap":{},"s":{},"branchMap":{"0":{"type":"branch","line":1,"loc":{"start":{"line":1,"column":835},"end":{"line":46,"column":1}},"locations":[{"start":{"line":1,"column":835},"end":{"line":46,"column":1}}]}},"b":{"0":[1]},"fnMap":{"0":{"name":"(empty-report)","decl":{"start":{"line":1,"column":835},"end":{"line":46,"column":1}},"loc":{"start":{"line":1,"column":835},"end":{"line":46,"column":1}},"line":1}},"f":{"0":1}}
}
